<?xml version="1.0" encoding="UTF-8"?>
<!-- Generated by org.testng.reporters.JUnitReportReporter -->
<testsuite skipped="8" hostname="DESKTOP-046U7N0" name="com.AutomationFramework.companyName.automationEcommerce.testScripts.authentication" tests="10" failures="0" timestamp="05 Mar 2020 08:15:52 GMT" time="33.967" errors="0">
  <testcase name="TC_authentication_ID_06_verifyErrorMessage" time="16.422" classname="com.AutomationFramework.companyName.automationEcommerce.testScripts.authentication"/>
  <testcase name="TC_authentication_ID_01_verifyHomeIconbuttonFunctionality" time="17.545" classname="com.AutomationFramework.companyName.automationEcommerce.testScripts.authentication"/>
  <testcase name="TC_authentication_ID_08_verifyLoginFunctionality" classname="com.AutomationFramework.companyName.automationEcommerce.testScripts.authentication">
    <skipped/>
  </testcase> <!-- TC_authentication_ID_08_verifyLoginFunctionality -->
  <testcase name="TC_authentication_ID_03_verifyLabel" classname="com.AutomationFramework.companyName.automationEcommerce.testScripts.authentication">
    <skipped/>
  </testcase> <!-- TC_authentication_ID_03_verifyLabel -->
  <testcase name="TC_authentication_ID_05_verifyForgotYourPassswordLinkFunctionality" classname="com.AutomationFramework.companyName.automationEcommerce.testScripts.authentication">
    <skipped/>
  </testcase> <!-- TC_authentication_ID_05_verifyForgotYourPassswordLinkFunctionality -->
  <testcase name="TC_authentication_ID_04_verifyErrorMessage" classname="com.AutomationFramework.companyName.automationEcommerce.testScripts.authentication">
    <skipped/>
  </testcase> <!-- TC_authentication_ID_04_verifyErrorMessage -->
  <testcase name="TC_authentication_ID_07_verifyLoginFunctionality" classname="com.AutomationFramework.companyName.automationEcommerce.testScripts.authentication">
    <skipped/>
  </testcase> <!-- TC_authentication_ID_07_verifyLoginFunctionality -->
  <testcase name="TC_authentication_ID_02_verifySectionTitles" classname="com.AutomationFramework.companyName.automationEcommerce.testScripts.authentication">
    <skipped/>
  </testcase> <!-- TC_authentication_ID_02_verifySectionTitles -->
  <testcase name="TC_authentication_ID_10_verifyLoginFunctionality" classname="com.AutomationFramework.companyName.automationEcommerce.testScripts.authentication">
    <skipped/>
  </testcase> <!-- TC_authentication_ID_10_verifyLoginFunctionality -->
  <testcase name="TC_authentication_ID_09_verifyLoginFunctionality" classname="com.AutomationFramework.companyName.automationEcommerce.testScripts.authentication">
    <skipped/>
  </testcase> <!-- TC_authentication_ID_09_verifyLoginFunctionality -->
</testsuite> <!-- com.AutomationFramework.companyName.automationEcommerce.testScripts.authentication -->
