<?xml version="1.0" encoding="UTF-8"?>
<!-- Generated by org.testng.reporters.JUnitReportReporter -->
<testsuite skipped="3" hostname="DESKTOP-046U7N0" name="com.AutomationFramework.companyName.automationEcommerce.testScripts.footer" tests="4" failures="0" timestamp="28 Feb 2020 07:52:12 GMT" time="20.088" errors="0">
  <testcase name="TC_footer_ID_04_verifyNewsletterSubscriptionFunctionality" time="20.088" classname="com.AutomationFramework.companyName.automationEcommerce.testScripts.footer"/>
  <testcase name="TC_footer_ID_03_verifyNewsletterSubscriptionFunctionality" classname="com.AutomationFramework.companyName.automationEcommerce.testScripts.footer">
    <skipped/>
  </testcase> <!-- TC_footer_ID_03_verifyNewsletterSubscriptionFunctionality -->
  <testcase name="TC_footer_ID_01_verifyNewsletterSubscriptionFunctionality" classname="com.AutomationFramework.companyName.automationEcommerce.testScripts.footer">
    <skipped/>
  </testcase> <!-- TC_footer_ID_01_verifyNewsletterSubscriptionFunctionality -->
  <testcase name="TC_footer_ID_02_verifyNewsletterSubscriptionFunctionality" classname="com.AutomationFramework.companyName.automationEcommerce.testScripts.footer">
    <skipped/>
  </testcase> <!-- TC_footer_ID_02_verifyNewsletterSubscriptionFunctionality -->
</testsuite> <!-- com.AutomationFramework.companyName.automationEcommerce.testScripts.footer -->
