<?xml version="1.0" encoding="UTF-8"?>
<!-- Generated by org.testng.reporters.JUnitReportReporter -->
<testsuite skipped="0" hostname="DESKTOP-046U7N0" name="com.AutomationFramework.companyName.automationEcommerce.testScripts.NavigationMenu" tests="1" failures="0" timestamp="26 Feb 2020 00:28:43 GMT" time="24.200" errors="0">
  <testcase name="verifyWomenButtonFunctionality" time="24.200" classname="com.AutomationFramework.companyName.automationEcommerce.testScripts.NavigationMenu"/>
</testsuite> <!-- com.AutomationFramework.companyName.automationEcommerce.testScripts.NavigationMenu -->
