<?xml version="1.0" encoding="UTF-8"?>
<!-- Generated by org.testng.reporters.JUnitReportReporter -->
<testsuite skipped="0" hostname="DESKTOP-046U7N0" name="com.AutomationFramework.companyName.automationEcommerce.testScripts.authentication" tests="1" failures="0" timestamp="27 Feb 2020 02:11:28 GMT" time="21.550" errors="0">
  <testcase name="ID_verifyLoginFunctionality" time="21.550" classname="com.AutomationFramework.companyName.automationEcommerce.testScripts.authentication"/>
</testsuite> <!-- com.AutomationFramework.companyName.automationEcommerce.testScripts.authentication -->
