<?xml version="1.0" encoding="UTF-8"?>
<!-- Generated by org.testng.reporters.JUnitReportReporter -->
<testsuite skipped="0" hostname="ASUS-PC" name="com.AutomationFramework.companyName.automationEcommerce.testScripts.testclass" tests="1" failures="0" timestamp="29 Dec 2019 10:58:03 GMT" time="33.223" errors="0">
  <testcase name="test1" time="33.223" classname="com.AutomationFramework.companyName.automationEcommerce.testScripts.testclass"/>
</testsuite> <!-- com.AutomationFramework.companyName.automationEcommerce.testScripts.testclass -->
