<?xml version="1.0" encoding="UTF-8"?>
<!-- Generated by org.testng.reporters.JUnitReportReporter -->
<testsuite skipped="22" hostname="DESKTOP-046U7N0" name="com.AutomationFramework.companyName.automationEcommerce.testScripts.footer" tests="28" failures="1" timestamp="01 Mar 2020 07:42:35 GMT" time="117.658" errors="0">
  <testcase name="TC_footer_ID_26_verifyMyAddressesLinkFunctionality" time="18.529" classname="com.AutomationFramework.companyName.automationEcommerce.testScripts.footer"/>
  <testcase name="TC_footer_ID_25_verifyMyCreditSlipsLinkFunctionality" time="18.729" classname="com.AutomationFramework.companyName.automationEcommerce.testScripts.footer">
    <failure type="java.lang.AssertionError" message="expected [true] but found [false]">
      <![CDATA[java.lang.AssertionError: expected [true] but found [false]
at org.testng.Assert.fail(Assert.java:96)
at org.testng.Assert.failNotEquals(Assert.java:776)
at org.testng.Assert.assertTrue(Assert.java:44)
at org.testng.Assert.assertTrue(Assert.java:54)
at com.AutomationFramework.companyName.automationEcommerce.helper.assertion.AssertionHelper.fail(AssertionHelper.java:102)
at com.AutomationFramework.companyName.automationEcommerce.helper.assertion.AssertionHelper.updateTestStatus(AssertionHelper.java:117)
at com.AutomationFramework.companyName.automationEcommerce.testScripts.footer.TC_footer_ID_25_verifyMyCreditSlipsLinkFunctionality(footer.java:445)
at sun.reflect.NativeMethodAccessorImpl.invoke0(Native Method)
at sun.reflect.NativeMethodAccessorImpl.invoke(NativeMethodAccessorImpl.java:62)
at sun.reflect.DelegatingMethodAccessorImpl.invoke(DelegatingMethodAccessorImpl.java:43)
at java.lang.reflect.Method.invoke(Method.java:498)
at org.testng.internal.MethodInvocationHelper.invokeMethod(MethodInvocationHelper.java:124)
at org.testng.internal.Invoker.invokeMethod(Invoker.java:583)
at org.testng.internal.Invoker.invokeTestMethod(Invoker.java:719)
at org.testng.internal.Invoker.invokeTestMethods(Invoker.java:989)
at org.testng.internal.TestMethodWorker.invokeTestMethods(TestMethodWorker.java:125)
at org.testng.internal.TestMethodWorker.run(TestMethodWorker.java:109)
at org.testng.TestRunner.privateRun(TestRunner.java:648)
at org.testng.TestRunner.run(TestRunner.java:505)
at org.testng.SuiteRunner.runTest(SuiteRunner.java:455)
at org.testng.SuiteRunner.runSequentially(SuiteRunner.java:450)
at org.testng.SuiteRunner.privateRun(SuiteRunner.java:415)
at org.testng.SuiteRunner.run(SuiteRunner.java:364)
at org.testng.SuiteRunnerWorker.runSuite(SuiteRunnerWorker.java:52)
at org.testng.SuiteRunnerWorker.run(SuiteRunnerWorker.java:84)
at org.testng.TestNG.runSuitesSequentially(TestNG.java:1208)
at org.testng.TestNG.runSuitesLocally(TestNG.java:1137)
at org.testng.TestNG.runSuites(TestNG.java:1049)
at org.testng.TestNG.run(TestNG.java:1017)
at org.testng.remote.AbstractRemoteTestNG.run(AbstractRemoteTestNG.java:114)
at org.testng.remote.RemoteTestNG.initAndRun(RemoteTestNG.java:251)
at org.testng.remote.RemoteTestNG.main(RemoteTestNG.java:77)
]]>
    </failure>
  </testcase> <!-- TC_footer_ID_25_verifyMyCreditSlipsLinkFunctionality -->
  <testcase name="TC_footer_ID_24_verifyMyOrdersLinkFunctionality" time="19.064" classname="com.AutomationFramework.companyName.automationEcommerce.testScripts.footer"/>
  <testcase name="TC_footer_ID_23_verifyMyAccountLinkFunctionality" time="18.452" classname="com.AutomationFramework.companyName.automationEcommerce.testScripts.footer"/>
  <testcase name="TC_footer_ID_28_verifySignoutLinkFunctionality" time="21.234" classname="com.AutomationFramework.companyName.automationEcommerce.testScripts.footer"/>
  <testcase name="TC_footer_ID_27_verifyMyPersonalInfoLinkFunctionality" time="21.650" classname="com.AutomationFramework.companyName.automationEcommerce.testScripts.footer"/>
  <testcase name="TC_footer_ID_06_verifyTwitterButtonFunctionality" classname="com.AutomationFramework.companyName.automationEcommerce.testScripts.footer">
    <skipped/>
  </testcase> <!-- TC_footer_ID_06_verifyTwitterButtonFunctionality -->
  <testcase name="TC_footer_ID_12_verifyBestSellersLinkFunctionality" classname="com.AutomationFramework.companyName.automationEcommerce.testScripts.footer">
    <skipped/>
  </testcase> <!-- TC_footer_ID_12_verifyBestSellersLinkFunctionality -->
  <testcase name="TC_footer_ID_22_verifyMyPersonalInfoLinkFunctionality" classname="com.AutomationFramework.companyName.automationEcommerce.testScripts.footer">
    <skipped/>
  </testcase> <!-- TC_footer_ID_22_verifyMyPersonalInfoLinkFunctionality -->
  <testcase name="TC_footer_ID_01_verifyNewsletterSubscriptionFunctionality" classname="com.AutomationFramework.companyName.automationEcommerce.testScripts.footer">
    <skipped/>
  </testcase> <!-- TC_footer_ID_01_verifyNewsletterSubscriptionFunctionality -->
  <testcase name="TC_footer_ID_20_verifyMyCreditSlipsLinkFunctionality" classname="com.AutomationFramework.companyName.automationEcommerce.testScripts.footer">
    <skipped/>
  </testcase> <!-- TC_footer_ID_20_verifyMyCreditSlipsLinkFunctionality -->
  <testcase name="TC_footer_ID_07_verifyYoutubeButtonFunctionality" classname="com.AutomationFramework.companyName.automationEcommerce.testScripts.footer">
    <skipped/>
  </testcase> <!-- TC_footer_ID_07_verifyYoutubeButtonFunctionality -->
  <testcase name="TC_footer_ID_18_verifyMyAccountLinkFunctionality" classname="com.AutomationFramework.companyName.automationEcommerce.testScripts.footer">
    <skipped/>
  </testcase> <!-- TC_footer_ID_18_verifyMyAccountLinkFunctionality -->
  <testcase name="TC_footer_ID_09_verifyWomenLinkFunctionality" classname="com.AutomationFramework.companyName.automationEcommerce.testScripts.footer">
    <skipped/>
  </testcase> <!-- TC_footer_ID_09_verifyWomenLinkFunctionality -->
  <testcase name="TC_footer_ID_02_verifyNewsletterSubscriptionFunctionality" classname="com.AutomationFramework.companyName.automationEcommerce.testScripts.footer">
    <skipped/>
  </testcase> <!-- TC_footer_ID_02_verifyNewsletterSubscriptionFunctionality -->
  <testcase name="TC_footer_ID_15_verifyTermsAndConditionsOfUseLinkFunctionality" classname="com.AutomationFramework.companyName.automationEcommerce.testScripts.footer">
    <skipped/>
  </testcase> <!-- TC_footer_ID_15_verifyTermsAndConditionsOfUseLinkFunctionality -->
  <testcase name="TC_footer_ID_03_verifyNewsletterSubscriptionFunctionality" classname="com.AutomationFramework.companyName.automationEcommerce.testScripts.footer">
    <skipped/>
  </testcase> <!-- TC_footer_ID_03_verifyNewsletterSubscriptionFunctionality -->
  <testcase name="TC_footer_ID_14_verifyContactusLinkFunctionality" classname="com.AutomationFramework.companyName.automationEcommerce.testScripts.footer">
    <skipped/>
  </testcase> <!-- TC_footer_ID_14_verifyContactusLinkFunctionality -->
  <testcase name="TC_footer_ID_21_verifyMyAddressesLinkFunctionality" classname="com.AutomationFramework.companyName.automationEcommerce.testScripts.footer">
    <skipped/>
  </testcase> <!-- TC_footer_ID_21_verifyMyAddressesLinkFunctionality -->
  <testcase name="TC_footer_ID_17_verifySitemapLinkFunctionality" classname="com.AutomationFramework.companyName.automationEcommerce.testScripts.footer">
    <skipped/>
  </testcase> <!-- TC_footer_ID_17_verifySitemapLinkFunctionality -->
  <testcase name="TC_footer_ID_16_verifyAboutUsLinkFunctionality" classname="com.AutomationFramework.companyName.automationEcommerce.testScripts.footer">
    <skipped/>
  </testcase> <!-- TC_footer_ID_16_verifyAboutUsLinkFunctionality -->
  <testcase name="TC_footer_ID_19_verifyMyOrdersLinkFunctionality" classname="com.AutomationFramework.companyName.automationEcommerce.testScripts.footer">
    <skipped/>
  </testcase> <!-- TC_footer_ID_19_verifyMyOrdersLinkFunctionality -->
  <testcase name="TC_footer_ID_04_verifyNewsletterSubscriptionFunctionality" classname="com.AutomationFramework.companyName.automationEcommerce.testScripts.footer">
    <skipped/>
  </testcase> <!-- TC_footer_ID_04_verifyNewsletterSubscriptionFunctionality -->
  <testcase name="TC_footer_ID_13_verifyOurStoresLinkFunctionality" classname="com.AutomationFramework.companyName.automationEcommerce.testScripts.footer">
    <skipped/>
  </testcase> <!-- TC_footer_ID_13_verifyOurStoresLinkFunctionality -->
  <testcase name="TC_footer_ID_08_verifyGooglePlusButtonFunctionality" classname="com.AutomationFramework.companyName.automationEcommerce.testScripts.footer">
    <skipped/>
  </testcase> <!-- TC_footer_ID_08_verifyGooglePlusButtonFunctionality -->
  <testcase name="TC_footer_ID_05_verifyFacebookButtonFunctionality" classname="com.AutomationFramework.companyName.automationEcommerce.testScripts.footer">
    <skipped/>
  </testcase> <!-- TC_footer_ID_05_verifyFacebookButtonFunctionality -->
  <testcase name="TC_footer_ID_10_verifySpecialsLinkFunctionality" classname="com.AutomationFramework.companyName.automationEcommerce.testScripts.footer">
    <skipped/>
  </testcase> <!-- TC_footer_ID_10_verifySpecialsLinkFunctionality -->
  <testcase name="TC_footer_ID_11_verifyNewProductsLinkFunctionality" classname="com.AutomationFramework.companyName.automationEcommerce.testScripts.footer">
    <skipped/>
  </testcase> <!-- TC_footer_ID_11_verifyNewProductsLinkFunctionality -->
</testsuite> <!-- com.AutomationFramework.companyName.automationEcommerce.testScripts.footer -->
