<?xml version="1.0" encoding="UTF-8"?>
<!-- Generated by org.testng.reporters.JUnitReportReporter -->
<testsuite skipped="13" hostname="DESKTOP-046U7N0" name="com.AutomationFramework.companyName.automationEcommerce.testScripts.NavigationMenu" tests="15" failures="0" timestamp="27 Feb 2020 10:40:41 GMT" time="35.959" errors="0">
  <testcase name="TC_navigatioMenu_ID_15_verifyCartButonFunctionality" time="17.511" classname="com.AutomationFramework.companyName.automationEcommerce.testScripts.NavigationMenu"/>
  <testcase name="TC_navigatioMenu_ID_14_verifyYourLogoImageFunctionality" time="18.448" classname="com.AutomationFramework.companyName.automationEcommerce.testScripts.NavigationMenu"/>
  <testcase name="TC_navigatioMenu_ID_03_verifyTshirtsMenuButtonFunctionality" classname="com.AutomationFramework.companyName.automationEcommerce.testScripts.NavigationMenu">
    <skipped/>
  </testcase> <!-- TC_navigatioMenu_ID_03_verifyTshirtsMenuButtonFunctionality -->
  <testcase name="TC_navigatioMenu_ID_07_verifyDressesButtonFunctionality" classname="com.AutomationFramework.companyName.automationEcommerce.testScripts.NavigationMenu">
    <skipped/>
  </testcase> <!-- TC_navigatioMenu_ID_07_verifyDressesButtonFunctionality -->
  <testcase name="TC_navigatioMenu_ID_01_verifyWomenMenuButtonFunctionality" classname="com.AutomationFramework.companyName.automationEcommerce.testScripts.NavigationMenu">
    <skipped/>
  </testcase> <!-- TC_navigatioMenu_ID_01_verifyWomenMenuButtonFunctionality -->
  <testcase name="TC_navigatioMenu_ID_11_verifyCasualDressesButtonFunctionality" classname="com.AutomationFramework.companyName.automationEcommerce.testScripts.NavigationMenu">
    <skipped/>
  </testcase> <!-- TC_navigatioMenu_ID_11_verifyCasualDressesButtonFunctionality -->
  <testcase name="TC_navigatioMenu_ID_09_verifyEveningDressesButtonFunctionality" classname="com.AutomationFramework.companyName.automationEcommerce.testScripts.NavigationMenu">
    <skipped/>
  </testcase> <!-- TC_navigatioMenu_ID_09_verifyEveningDressesButtonFunctionality -->
  <testcase name="TC_navigatioMenu_ID_05_verifyTshirtsButtonFunctionality" classname="com.AutomationFramework.companyName.automationEcommerce.testScripts.NavigationMenu">
    <skipped/>
  </testcase> <!-- TC_navigatioMenu_ID_05_verifyTshirtsButtonFunctionality -->
  <testcase name="TC_navigatioMenu_ID_02_verifyDressesMenuButtonFunctionality" classname="com.AutomationFramework.companyName.automationEcommerce.testScripts.NavigationMenu">
    <skipped/>
  </testcase> <!-- TC_navigatioMenu_ID_02_verifyDressesMenuButtonFunctionality -->
  <testcase name="TC_navigatioMenu_ID_13_verifySummerDressesButtonFunctionality" classname="com.AutomationFramework.companyName.automationEcommerce.testScripts.NavigationMenu">
    <skipped/>
  </testcase> <!-- TC_navigatioMenu_ID_13_verifySummerDressesButtonFunctionality -->
  <testcase name="TC_navigatioMenu_ID_10_verifySummerDressesButtonFunctionality" classname="com.AutomationFramework.companyName.automationEcommerce.testScripts.NavigationMenu">
    <skipped/>
  </testcase> <!-- TC_navigatioMenu_ID_10_verifySummerDressesButtonFunctionality -->
  <testcase name="TC_navigatioMenu_ID_12_verifyEveningDressesButtonFunctionality" classname="com.AutomationFramework.companyName.automationEcommerce.testScripts.NavigationMenu">
    <skipped/>
  </testcase> <!-- TC_navigatioMenu_ID_12_verifyEveningDressesButtonFunctionality -->
  <testcase name="TC_navigatioMenu_ID_08_verifyCasualDressesButtonFunctionality" classname="com.AutomationFramework.companyName.automationEcommerce.testScripts.NavigationMenu">
    <skipped/>
  </testcase> <!-- TC_navigatioMenu_ID_08_verifyCasualDressesButtonFunctionality -->
  <testcase name="ITC_navigatioMenu_ID_06_verifyBlousesButtonFunctionality" classname="com.AutomationFramework.companyName.automationEcommerce.testScripts.NavigationMenu">
    <skipped/>
  </testcase> <!-- ITC_navigatioMenu_ID_06_verifyBlousesButtonFunctionality -->
  <testcase name="TC_navigatioMenu_ID_04_verifyTopsButtonFunctionality" classname="com.AutomationFramework.companyName.automationEcommerce.testScripts.NavigationMenu">
    <skipped/>
  </testcase> <!-- TC_navigatioMenu_ID_04_verifyTopsButtonFunctionality -->
</testsuite> <!-- com.AutomationFramework.companyName.automationEcommerce.testScripts.NavigationMenu -->
