<?xml version="1.0" encoding="UTF-8"?>
<!-- Generated by org.testng.reporters.JUnitReportReporter -->
<testsuite skipped="14" hostname="DESKTOP-046U7N0" name="com.AutomationFramework.companyName.automationEcommerce.testScripts.index" tests="15" failures="0" timestamp="07 Mar 2020 07:12:25 GMT" time="24.828" errors="0">
  <testcase name="TC_index_ID_15_VerifySeleniumFrameworkLinkFunctinality" time="24.828" classname="com.AutomationFramework.companyName.automationEcommerce.testScripts.index"/>
  <testcase name="TC_index_ID_01_VerifyShopNowButtonFunctinality" classname="com.AutomationFramework.companyName.automationEcommerce.testScripts.index">
    <skipped/>
  </testcase> <!-- TC_index_ID_01_VerifyShopNowButtonFunctinality -->
  <testcase name="TC_index_ID_11_VerifyQuickViewButtonFunctinality" classname="com.AutomationFramework.companyName.automationEcommerce.testScripts.index">
    <skipped/>
  </testcase> <!-- TC_index_ID_11_VerifyQuickViewButtonFunctinality -->
  <testcase name="TC_index_ID_12_VerifyAddToCartButtonFunctinality" classname="com.AutomationFramework.companyName.automationEcommerce.testScripts.index">
    <skipped/>
  </testcase> <!-- TC_index_ID_12_VerifyAddToCartButtonFunctinality -->
  <testcase name="TC_index_ID_10_VerifyAdPosterFunctinality" classname="com.AutomationFramework.companyName.automationEcommerce.testScripts.index">
    <skipped/>
  </testcase> <!-- TC_index_ID_10_VerifyAdPosterFunctinality -->
  <testcase name="TC_index_ID_04_VerifyAdPosterFunctinality" classname="com.AutomationFramework.companyName.automationEcommerce.testScripts.index">
    <skipped/>
  </testcase> <!-- TC_index_ID_04_VerifyAdPosterFunctinality -->
  <testcase name="TC_index_ID_06_VerifyAdPosterFunctinality" classname="com.AutomationFramework.companyName.automationEcommerce.testScripts.index">
    <skipped/>
  </testcase> <!-- TC_index_ID_06_VerifyAdPosterFunctinality -->
  <testcase name="TC_index_ID_08_VerifyAdPosterFunctinality" classname="com.AutomationFramework.companyName.automationEcommerce.testScripts.index">
    <skipped/>
  </testcase> <!-- TC_index_ID_08_VerifyAdPosterFunctinality -->
  <testcase name="TC_index_ID_14_VerifyProductNameLinkFunctinality" classname="com.AutomationFramework.companyName.automationEcommerce.testScripts.index">
    <skipped/>
  </testcase> <!-- TC_index_ID_14_VerifyProductNameLinkFunctinality -->
  <testcase name="TC_index_ID_05_VerifyAdPosterFunctinality" classname="com.AutomationFramework.companyName.automationEcommerce.testScripts.index">
    <skipped/>
  </testcase> <!-- TC_index_ID_05_VerifyAdPosterFunctinality -->
  <testcase name="TC_index_ID_03_VerifyShopNowButtonFunctinality" classname="com.AutomationFramework.companyName.automationEcommerce.testScripts.index">
    <skipped/>
  </testcase> <!-- TC_index_ID_03_VerifyShopNowButtonFunctinality -->
  <testcase name="TC_index_ID_07_VerifyAdPosterFunctinality" classname="com.AutomationFramework.companyName.automationEcommerce.testScripts.index">
    <skipped/>
  </testcase> <!-- TC_index_ID_07_VerifyAdPosterFunctinality -->
  <testcase name="TC_index_ID_13_VerifyMoreButtonFunctinality" classname="com.AutomationFramework.companyName.automationEcommerce.testScripts.index">
    <skipped/>
  </testcase> <!-- TC_index_ID_13_VerifyMoreButtonFunctinality -->
  <testcase name="TC_index_ID_09_VerifyAdPosterFunctinality" classname="com.AutomationFramework.companyName.automationEcommerce.testScripts.index">
    <skipped/>
  </testcase> <!-- TC_index_ID_09_VerifyAdPosterFunctinality -->
  <testcase name="TC_index_ID_02_VerifyShopNowButtonFunctinality" classname="com.AutomationFramework.companyName.automationEcommerce.testScripts.index">
    <skipped/>
  </testcase> <!-- TC_index_ID_02_VerifyShopNowButtonFunctinality -->
</testsuite> <!-- com.AutomationFramework.companyName.automationEcommerce.testScripts.index -->
