<?xml version="1.0" encoding="UTF-8"?>
<!-- Generated by org.testng.reporters.JUnitReportReporter -->
<testsuite skipped="8" hostname="DESKTOP-046U7N0" name="com.AutomationFramework.companyName.automationEcommerce.testScripts.footer" tests="17" failures="0" timestamp="01 Mar 2020 06:51:54 GMT" time="159.121" errors="0">
  <testcase name="TC_footer_ID_14_verifyContactusLinkFunctionality" time="17.113" classname="com.AutomationFramework.companyName.automationEcommerce.testScripts.footer"/>
  <testcase name="TC_footer_ID_12_verifyBestSellersLinkFunctionality" time="18.477" classname="com.AutomationFramework.companyName.automationEcommerce.testScripts.footer"/>
  <testcase name="TC_footer_ID_11_verifyNewProductsLinkFunctionality" time="17.189" classname="com.AutomationFramework.companyName.automationEcommerce.testScripts.footer"/>
  <testcase name="TC_footer_ID_15_verifyTermsAndConditionsOfUseLinkFunctionality" time="17.202" classname="com.AutomationFramework.companyName.automationEcommerce.testScripts.footer"/>
  <testcase name="TC_footer_ID_13_verifyOurStoresLinkFunctionality" time="18.111" classname="com.AutomationFramework.companyName.automationEcommerce.testScripts.footer"/>
  <testcase name="TC_footer_ID_09_verifyWomenLinkFunctionality" time="19.030" classname="com.AutomationFramework.companyName.automationEcommerce.testScripts.footer"/>
  <testcase name="TC_footer_ID_16_verifyAboutUsLinkFunctionality" time="17.742" classname="com.AutomationFramework.companyName.automationEcommerce.testScripts.footer"/>
  <testcase name="TC_footer_ID_10_verifySpecialsLinkFunctionality" time="17.109" classname="com.AutomationFramework.companyName.automationEcommerce.testScripts.footer"/>
  <testcase name="TC_footer_ID_17_verifySitemapLinkFunctionality" time="17.148" classname="com.AutomationFramework.companyName.automationEcommerce.testScripts.footer"/>
  <testcase name="TC_footer_ID_06_verifyTwitterButtonFunctionality" classname="com.AutomationFramework.companyName.automationEcommerce.testScripts.footer">
    <skipped/>
  </testcase> <!-- TC_footer_ID_06_verifyTwitterButtonFunctionality -->
  <testcase name="TC_footer_ID_03_verifyNewsletterSubscriptionFunctionality" classname="com.AutomationFramework.companyName.automationEcommerce.testScripts.footer">
    <skipped/>
  </testcase> <!-- TC_footer_ID_03_verifyNewsletterSubscriptionFunctionality -->
  <testcase name="TC_footer_ID_01_verifyNewsletterSubscriptionFunctionality" classname="com.AutomationFramework.companyName.automationEcommerce.testScripts.footer">
    <skipped/>
  </testcase> <!-- TC_footer_ID_01_verifyNewsletterSubscriptionFunctionality -->
  <testcase name="TC_footer_ID_04_verifyNewsletterSubscriptionFunctionality" classname="com.AutomationFramework.companyName.automationEcommerce.testScripts.footer">
    <skipped/>
  </testcase> <!-- TC_footer_ID_04_verifyNewsletterSubscriptionFunctionality -->
  <testcase name="TC_footer_ID_05_verifyFacebookButtonFunctionality" classname="com.AutomationFramework.companyName.automationEcommerce.testScripts.footer">
    <skipped/>
  </testcase> <!-- TC_footer_ID_05_verifyFacebookButtonFunctionality -->
  <testcase name="TC_footer_ID_08_verifyGooglePlusButtonFunctionality" classname="com.AutomationFramework.companyName.automationEcommerce.testScripts.footer">
    <skipped/>
  </testcase> <!-- TC_footer_ID_08_verifyGooglePlusButtonFunctionality -->
  <testcase name="TC_footer_ID_07_verifyYoutubeButtonFunctionality" classname="com.AutomationFramework.companyName.automationEcommerce.testScripts.footer">
    <skipped/>
  </testcase> <!-- TC_footer_ID_07_verifyYoutubeButtonFunctionality -->
  <testcase name="TC_footer_ID_02_verifyNewsletterSubscriptionFunctionality" classname="com.AutomationFramework.companyName.automationEcommerce.testScripts.footer">
    <skipped/>
  </testcase> <!-- TC_footer_ID_02_verifyNewsletterSubscriptionFunctionality -->
</testsuite> <!-- com.AutomationFramework.companyName.automationEcommerce.testScripts.footer -->
