<?xml version="1.0" encoding="UTF-8"?>
<!-- Generated by org.testng.reporters.JUnitReportReporter -->
<testsuite skipped="0" hostname="DESKTOP-046U7N0" name="com.AutomationFramework.companyName.automationEcommerce.testScripts.testclass" tests="1" failures="0" timestamp="01 Mar 2020 11:49:30 GMT" time="32.216" errors="0">
  <testcase name="scrollingTest" time="32.216" classname="com.AutomationFramework.companyName.automationEcommerce.testScripts.testclass"/>
</testsuite> <!-- com.AutomationFramework.companyName.automationEcommerce.testScripts.testclass -->
