<?xml version="1.0" encoding="UTF-8"?>
<!-- Generated by org.testng.reporters.JUnitReportReporter -->
<testsuite skipped="0" hostname="DESKTOP-046U7N0" name="com.AutomationFramework.companyName.automationEcommerce.testScripts.testclass" tests="1" failures="0" timestamp="22 Feb 2020 08:26:51 GMT" time="31.369" errors="0">
  <testcase name="test1" time="31.369" classname="com.AutomationFramework.companyName.automationEcommerce.testScripts.testclass"/>
</testsuite> <!-- com.AutomationFramework.companyName.automationEcommerce.testScripts.testclass -->
