<?xml version="1.0" encoding="UTF-8"?>
<!-- Generated by org.testng.reporters.JUnitReportReporter -->
<testsuite skipped="4" hostname="DESKTOP-046U7N0" name="com.AutomationFramework.companyName.automationEcommerce.testScripts.header" tests="6" failures="0" timestamp="27 Feb 2020 12:20:23 GMT" time="44.478" errors="0">
  <testcase name="TC_header_ID_05_verifySignoutButtonFunctionality" time="21.908" classname="com.AutomationFramework.companyName.automationEcommerce.testScripts.header"/>
  <testcase name="TC_header_ID_06_verifyUsernameButtonFunctionality" time="22.570" classname="com.AutomationFramework.companyName.automationEcommerce.testScripts.header"/>
  <testcase name="TC_header_ID_02_verifyCallUsNowContactNumberFunctionality" classname="com.AutomationFramework.companyName.automationEcommerce.testScripts.header">
    <skipped/>
  </testcase> <!-- TC_header_ID_02_verifyCallUsNowContactNumberFunctionality -->
  <testcase name="TC_header_ID_01_verifySale70percentageOffImageFunctionality" classname="com.AutomationFramework.companyName.automationEcommerce.testScripts.header">
    <skipped/>
  </testcase> <!-- TC_header_ID_01_verifySale70percentageOffImageFunctionality -->
  <testcase name="TC_header_ID_04_verifySignInButtonFunctionality" classname="com.AutomationFramework.companyName.automationEcommerce.testScripts.header">
    <skipped/>
  </testcase> <!-- TC_header_ID_04_verifySignInButtonFunctionality -->
  <testcase name="TC_header_ID_03_verifyContactUsTabButtonFunctionality" classname="com.AutomationFramework.companyName.automationEcommerce.testScripts.header">
    <skipped/>
  </testcase> <!-- TC_header_ID_03_verifyContactUsTabButtonFunctionality -->
</testsuite> <!-- com.AutomationFramework.companyName.automationEcommerce.testScripts.header -->
